Start auto log messages stack - Iteration 1.	[MsgId: MMSG-10545]
login.c(9): web_url("index.php") was successful, 235721 body bytes, 2490 header bytes, 13 chunking overhead bytes  	[MsgId: MMSG-26385]
login.c(19): Notify: Transaction "log" started.	[MsgId: MMSG-16999]
login.c(22): web_reg_save_param_regexp started  	[MsgId: MMSG-26355]
login.c(22): Registering web_reg_save_param_regexp was successful  	[MsgId: MMSG-26390]
login.c(32): web_reg_save_param_regexp started  	[MsgId: MMSG-26355]
login.c(32): Registering web_reg_save_param_regexp was successful  	[MsgId: MMSG-26390]
login.c(41): web_submit_data("index.php_2") started  	[MsgId: MMSG-26355]
login.c(41): Warning: Closing connection [0] after waiting 2s for body for 302 response for URL "http://adactinhotelapp.com/index.php"  	[MsgId: MMSG-26000]
login.c(41): Error -35049: No match found for the requested parameter "location". Check whether the requested regular expression exists in the response data  	[MsgId: MERR-35049]
login.c(41): Error -35049: No match found for the requested parameter "room_type". Check whether the requested regular expression exists in the response data  	[MsgId: MERR-35049]
End auto log messages stack.	[MsgId: MMSG-10544]


Start auto log messages stack - Iteration 1.	[MsgId: MMSG-10545]
login.c(19): Notify: Transaction "log" started.	[MsgId: MMSG-16999]
login.c(22): web_reg_save_param_regexp started  	[MsgId: MMSG-26355]
login.c(22): Registering web_reg_save_param_regexp was successful  	[MsgId: MMSG-26390]
login.c(32): web_reg_save_param_regexp started  	[MsgId: MMSG-26355]
login.c(32): Registering web_reg_save_param_regexp was successful  	[MsgId: MMSG-26390]
login.c(41): web_submit_data("index.php_2") started  	[MsgId: MMSG-26355]
login.c(41): Redirecting "http://adactinhotelapp.com/index.php" (redirection depth is 0)  	[MsgId: MMSG-26694]
login.c(41): To location "http://adactinhotelapp.com/SearchHotel.php"  	[MsgId: MMSG-26693]
login.c(41): Error -27792: Failed to connect to server "adactinhotelapp.com:80": [10060] Connection timed out  	[MsgId: MERR-27792]
login.c(41): Error -35049: No match found for the requested parameter "location". Check whether the requested regular expression exists in the response data  	[MsgId: MERR-35049]
login.c(41): Error -35049: No match found for the requested parameter "room_type". Check whether the requested regular expression exists in the response data  	[MsgId: MERR-35049]
End auto log messages stack.	[MsgId: MMSG-10544]


Start auto log messages stack - Iteration 1.	[MsgId: MMSG-10545]
login.c(41): Resource "http://adactinhotelapp.com/css/main.css" is in the cache already and will not be downloaded again  	[MsgId: MMSG-26655]
login.c(41): Found resource "http://adactinhotelapp.com/js/search_hotel.js" in HTML "http://adactinhotelapp.com/SearchHotel.php"  	[MsgId: MMSG-26659]
login.c(41): Resource "http://adactinhotelapp.com/img/Adactin-Logo.jpg" is in the cache already and will not be downloaded again  	[MsgId: MMSG-26655]
login.c(41): Resource "http://adactinhotelapp.com/img/hotel.jpg" is in the cache already and will not be downloaded again  	[MsgId: MMSG-26655]
login.c(41): Detected non-resource "http://www.adactinhotelapp.com/img-horizontal-carousel/index.html" in "http://adactinhotelapp.com/SearchHotel.php"  	[MsgId: MMSG-26573]
login.c(41): Error -27792: Failed to connect to server "www.adactinhotelapp.com:80": [10060] Connection timed out  	[MsgId: MERR-27792]
End auto log messages stack.	[MsgId: MMSG-10544]


Start auto log messages stack - Iteration 2.	[MsgId: MMSG-10545]
login.c(41): Resource "http://adactinhotelapp.com/css/main.css" is in the cache already and will not be downloaded again  	[MsgId: MMSG-26655]
login.c(41): Found resource "http://adactinhotelapp.com/js/search_hotel.js" in HTML "http://adactinhotelapp.com/SearchHotel.php"  	[MsgId: MMSG-26659]
login.c(41): Resource "http://adactinhotelapp.com/img/Adactin-Logo.jpg" is in the cache already and will not be downloaded again  	[MsgId: MMSG-26655]
login.c(41): Resource "http://adactinhotelapp.com/img/hotel.jpg" is in the cache already and will not be downloaded again  	[MsgId: MMSG-26655]
login.c(41): Detected non-resource "http://www.adactinhotelapp.com/img-horizontal-carousel/index.html" in "http://adactinhotelapp.com/SearchHotel.php"  	[MsgId: MMSG-26573]
login.c(41): Error -27792: Failed to connect to server "www.adactinhotelapp.com:80": [10060] Connection timed out  	[MsgId: MERR-27792]
End auto log messages stack.	[MsgId: MMSG-10544]


Start auto log messages stack - Iteration 1.	[MsgId: MMSG-10545]
login.c(9): Found resource "http://adactinhotelapp.com/img/Adactin-Logo.jpg" in HTML "http://adactinhotelapp.com/index.php"  	[MsgId: MMSG-26659]
login.c(9): Found resource "http://adactinhotelapp.com/img/hotel.jpg" in HTML "http://adactinhotelapp.com/index.php"  	[MsgId: MMSG-26659]
login.c(9): Found resource "http://adactinhotelapp.com/img/main-image-hotel-app.jpeg" in HTML "http://adactinhotelapp.com/index.php"  	[MsgId: MMSG-26659]
login.c(9): Found resource "http://adactinhotelapp.com/img/ios-button.png" in HTML "http://adactinhotelapp.com/index.php"  	[MsgId: MMSG-26659]
login.c(9): Found resource "http://adactinhotelapp.com/img/google-play.png" in HTML "http://adactinhotelapp.com/index.php"  	[MsgId: MMSG-26659]
login.c(9): Error -27720: Step download timeout (120 seconds) has expired when downloading resource "http://adactinhotelapp.com/img/main-image-hotel-app.jpeg". Set the "Step Timeout caused by resources is a warning" Runtime Setting to Yes/No to have this message as a warning/error, respectively  	[MsgId: MERR-27720]
End auto log messages stack.	[MsgId: MMSG-10544]


Start auto log messages stack - Iteration 2.	[MsgId: MMSG-10545]
booking.c(9): web_submit_data("BookHotel.php") was successful, 17943 body bytes, 597 header bytes, 34 chunking overhead bytes  	[MsgId: MMSG-26385]
booking.c(43): lr_think_time: 17.00 seconds.	[MsgId: MMSG-15948]
booking.c(45): web_submit_data("BookingConfirm.php") started  	[MsgId: MMSG-26355]
booking.c(45): Connection to code.jquery.com:443 closed after being inactive for 73 seconds, exceeding the "HTTP Keep-Alive timeout" Runtime Setting (60 seconds). URL="[None]"  	[MsgId: MMSG-27647]
booking.c(45): Redirecting "http://adactinhotelapp.com/BookingConfirm.php" (redirection depth is 0)  	[MsgId: MMSG-26694]
booking.c(45): To location "http://adactinhotelapp.com/index.php"  	[MsgId: MMSG-26693]
booking.c(45): Error -27792: Failed to connect to server "adactinhotelapp.com:80": [10060] Connection timed out  	[MsgId: MERR-27792]
End auto log messages stack.	[MsgId: MMSG-10544]


Start auto log messages stack - Iteration 2.	[MsgId: MMSG-10545]
login.c(55): Notify: Transaction "log" ended with a "Pass" status (Duration: 4.0191 Wasted Time: 0.0019).	[MsgId: MMSG-16871]
Ending action login.	[MsgId: MMSG-15918]
Starting action searching.	[MsgId: MMSG-15919]
searching.c(4): Notify: Transaction "search" started.	[MsgId: MMSG-16999]
searching.c(6): web_add_header("Accept-Language") started  	[MsgId: MMSG-26355]
searching.c(6): web_add_header("Accept-Language") was successful  	[MsgId: MMSG-26392]
searching.c(9): lr_think_time: 22.00 seconds.	[MsgId: MMSG-15948]
searching.c(12): web_reg_save_param_attrib started  	[MsgId: MMSG-26355]
searching.c(12): Registering web_reg_save_param_attrib was successful  	[MsgId: MMSG-26390]
searching.c(25): web_submit_data("SelectHotel.php") started  	[MsgId: MMSG-26355]
searching.c(25): Error -27792: Failed to connect to server "adactinhotelapp.com:80": [10060] Connection timed out  	[MsgId: MERR-27792]
searching.c(25): Error -35048: No match found for the requested parameter "continue". Check whether the tag with specific attributes exists in the response data  	[MsgId: MERR-35048]
End auto log messages stack.	[MsgId: MMSG-10544]


Start auto log messages stack - Iteration 1.	[MsgId: MMSG-10545]
searching.c(46): Notify: Transaction "search" ended with a "Pass" status (Duration: 43.6585 Think Time: 22.0143 Wasted Time: 0.0008).	[MsgId: MMSG-16870]
Ending action searching.	[MsgId: MMSG-15918]
Starting action logout.	[MsgId: MMSG-15919]
logout.c(4): Notify: Transaction "logout" started.	[MsgId: MMSG-16999]
logout.c(6): web_add_header("Accept-Language") started  	[MsgId: MMSG-26355]
logout.c(6): web_add_header("Accept-Language") was successful  	[MsgId: MMSG-26392]
logout.c(9): lr_think_time: 23.00 seconds.	[MsgId: MMSG-15948]
logout.c(11): web_url("Logout.php") started  	[MsgId: MMSG-26355]
logout.c(11): Connection to code.jquery.com:443 closed after being inactive for 72 seconds, exceeding the "HTTP Keep-Alive timeout" Runtime Setting (60 seconds). URL="[None]"  	[MsgId: MMSG-27647]
logout.c(11): Error -27792: Failed to connect to server "adactinhotelapp.com:80": [10060] Connection timed out  	[MsgId: MERR-27792]
End auto log messages stack.	[MsgId: MMSG-10544]


Start auto log messages stack - Iteration 1.	[MsgId: MMSG-10545]
logout.c(11): web_url("Logout.php") was successful, 3627 body bytes, 306 header bytes, 12 chunking overhead bytes  	[MsgId: MMSG-26385]
logout.c(21): Notify: Transaction "logout" ended with a "Pass" status (Duration: 26.6187 Think Time: 23.0082).	[MsgId: MMSG-16872]
Ending action logout.	[MsgId: MMSG-15918]
Starting action booking.	[MsgId: MMSG-15919]
booking.c(4): Notify: Transaction "book" started.	[MsgId: MMSG-16999]
booking.c(6): web_add_auto_header("Accept-Language") started  	[MsgId: MMSG-26355]
booking.c(6): web_add_auto_header("Accept-Language") was successful  	[MsgId: MMSG-26392]
booking.c(9): web_submit_data("BookHotel.php") started  	[MsgId: MMSG-26355]
booking.c(9): Redirecting "http://adactinhotelapp.com/BookHotel.php" (redirection depth is 0)  	[MsgId: MMSG-26694]
booking.c(9): To location "http://adactinhotelapp.com/index.php"  	[MsgId: MMSG-26693]
booking.c(9): Error -27792: Failed to connect to server "adactinhotelapp.com:80": [10060] Connection timed out  	[MsgId: MERR-27792]
End auto log messages stack.	[MsgId: MMSG-10544]


Start auto log messages stack - Iteration 2.	[MsgId: MMSG-10545]
Starting action login.	[MsgId: MMSG-15919]
login.c(4): web_set_sockets_option started  	[MsgId: MMSG-26355]
login.c(4): web_set_sockets_option was successful  	[MsgId: MMSG-26392]
login.c(6): web_add_auto_header("Accept-Language") started  	[MsgId: MMSG-26355]
login.c(6): web_add_auto_header("Accept-Language") was successful  	[MsgId: MMSG-26392]
login.c(9): web_url("index.php") started  	[MsgId: MMSG-26355]
login.c(9): Error -27792: Failed to connect to server "adactinhotelapp.com:80": [10060] Connection timed out  	[MsgId: MERR-27792]
End auto log messages stack.	[MsgId: MMSG-10544]


Start auto log messages stack - Iteration 1.	[MsgId: MMSG-10545]
booking.c(9): Resource "http://adactinhotelapp.com/img/ios-button.png" is in the cache already and will not be downloaded again  	[MsgId: MMSG-26655]
booking.c(9): Resource "http://adactinhotelapp.com/img/google-play.png" is in the cache already and will not be downloaded again  	[MsgId: MMSG-26655]
booking.c(9): web_submit_data("BookHotel.php") was successful, 17943 body bytes, 597 header bytes, 34 chunking overhead bytes  	[MsgId: MMSG-26385]
booking.c(43): lr_think_time: 17.00 seconds.	[MsgId: MMSG-15948]
booking.c(45): web_submit_data("BookingConfirm.php") started  	[MsgId: MMSG-26355]
booking.c(45): Connection to code.jquery.com:443 closed after being inactive for 83 seconds, exceeding the "HTTP Keep-Alive timeout" Runtime Setting (60 seconds). URL="[None]"  	[MsgId: MMSG-27647]
booking.c(45): Error -27792: Failed to connect to server "adactinhotelapp.com:80": [10060] Connection timed out  	[MsgId: MERR-27792]
End auto log messages stack.	[MsgId: MMSG-10544]


Start auto log messages stack - Iteration 1.	[MsgId: MMSG-10545]
login.c(41): Found resource "http://adactinhotelapp.com/img/book_hp_uft_navneesh_garg_hotelapp.png" in HTML "http://www.adactinhotelapp.com/img-horizontal-carousel/index.html"  	[MsgId: MMSG-26659]
login.c(41): Found resource "http://adactinhotelapp.com/img/TestAutomationSeleniumWebdriverCsharp.jpg" in HTML "http://www.adactinhotelapp.com/img-horizontal-carousel/index.html"  	[MsgId: MMSG-26659]
login.c(41): Found resource "https://code.jquery.com/jquery-1.12.4.min.js" in HTML "http://www.adactinhotelapp.com/img-horizontal-carousel/index.html"  	[MsgId: MMSG-26659]
login.c(41): Found resource "http://www.adactinhotelapp.com/img-horizontal-carousel/img-scroll.js" in HTML "http://www.adactinhotelapp.com/img-horizontal-carousel/index.html"  	[MsgId: MMSG-26659]
login.c(41): Error -27720: Step download timeout (120 seconds) has expired when downloading resource "http://adactinhotelapp.com/img/book_selenium_webdriver_app.png". Set the "Step Timeout caused by resources is a warning" Runtime Setting to Yes/No to have this message as a warning/error, respectively  	[MsgId: MERR-27720]
End auto log messages stack.	[MsgId: MMSG-10544]


Start auto log messages stack - Iteration 1.	[MsgId: MMSG-10545]
login.c(41): Found resource "http://adactinhotelapp.com/img/book_hp_uft_navneesh_garg_hotelapp.png" in HTML "http://www.adactinhotelapp.com/img-horizontal-carousel/index.html"  	[MsgId: MMSG-26659]
login.c(41): Found resource "http://adactinhotelapp.com/img/TestAutomationSeleniumWebdriverCsharp.jpg" in HTML "http://www.adactinhotelapp.com/img-horizontal-carousel/index.html"  	[MsgId: MMSG-26659]
login.c(41): Found resource "https://code.jquery.com/jquery-1.12.4.min.js" in HTML "http://www.adactinhotelapp.com/img-horizontal-carousel/index.html"  	[MsgId: MMSG-26659]
login.c(41): Found resource "http://www.adactinhotelapp.com/img-horizontal-carousel/img-scroll.js" in HTML "http://www.adactinhotelapp.com/img-horizontal-carousel/index.html"  	[MsgId: MMSG-26659]
login.c(41): Error -27720: Step download timeout (120 seconds) has expired when downloading resource "http://adactinhotelapp.com/img/TestAutomationSeleniumWebdriverCsharp.jpg". Set the "Step Timeout caused by resources is a warning" Runtime Setting to Yes/No to have this message as a warning/error, respectively  	[MsgId: MERR-27720]
End auto log messages stack.	[MsgId: MMSG-10544]


Start auto log messages stack - Iteration 3.	[MsgId: MMSG-10545]
login.c(19): Notify: Transaction "log" started.	[MsgId: MMSG-16999]
login.c(22): web_reg_save_param_regexp started  	[MsgId: MMSG-26355]
login.c(22): Registering web_reg_save_param_regexp was successful  	[MsgId: MMSG-26390]
login.c(32): web_reg_save_param_regexp started  	[MsgId: MMSG-26355]
login.c(32): Registering web_reg_save_param_regexp was successful  	[MsgId: MMSG-26390]
login.c(41): web_submit_data("index.php_2") started  	[MsgId: MMSG-26355]
login.c(41): Redirecting "http://adactinhotelapp.com/index.php" (redirection depth is 0)  	[MsgId: MMSG-26694]
login.c(41): To location "http://adactinhotelapp.com/SearchHotel.php"  	[MsgId: MMSG-26693]
login.c(41): Error -27792: Failed to connect to server "adactinhotelapp.com:80": [10060] Connection timed out  	[MsgId: MERR-27792]
login.c(41): Error -35049: No match found for the requested parameter "location". Check whether the requested regular expression exists in the response data  	[MsgId: MERR-35049]
login.c(41): Error -35049: No match found for the requested parameter "room_type". Check whether the requested regular expression exists in the response data  	[MsgId: MERR-35049]
End auto log messages stack.	[MsgId: MMSG-10544]


Start auto log messages stack - Iteration 2.	[MsgId: MMSG-10545]
login.c(41): Found resource "http://adactinhotelapp.com/img/book_hp_uft_navneesh_garg_hotelapp.png" in HTML "http://www.adactinhotelapp.com/img-horizontal-carousel/index.html"  	[MsgId: MMSG-26659]
login.c(41): Found resource "http://adactinhotelapp.com/img/TestAutomationSeleniumWebdriverCsharp.jpg" in HTML "http://www.adactinhotelapp.com/img-horizontal-carousel/index.html"  	[MsgId: MMSG-26659]
login.c(41): Found resource "https://code.jquery.com/jquery-1.12.4.min.js" in HTML "http://www.adactinhotelapp.com/img-horizontal-carousel/index.html"  	[MsgId: MMSG-26659]
login.c(41): Found resource "http://www.adactinhotelapp.com/img-horizontal-carousel/img-scroll.js" in HTML "http://www.adactinhotelapp.com/img-horizontal-carousel/index.html"  	[MsgId: MMSG-26659]
login.c(41): Error -27720: Step download timeout (120 seconds) has expired when downloading resource "http://adactinhotelapp.com/img/book_hp_uft_navneesh_garg_hotelapp.png". Set the "Step Timeout caused by resources is a warning" Runtime Setting to Yes/No to have this message as a warning/error, respectively  	[MsgId: MERR-27720]
End auto log messages stack.	[MsgId: MMSG-10544]


Start auto log messages stack - Iteration 1.	[MsgId: MMSG-10545]
searching.c(25): Resource "http://adactinhotelapp.com/img/book_hp_uft_navneesh_garg_hotelapp.png" is in the cache already and will not be downloaded again  	[MsgId: MMSG-26655]
searching.c(25): Resource "http://adactinhotelapp.com/img/TestAutomationSeleniumWebdriverCsharp.jpg" is in the cache already and will not be downloaded again  	[MsgId: MMSG-26655]
searching.c(25): Resource "https://code.jquery.com/jquery-1.12.4.min.js" is in the cache already and will not be downloaded again  	[MsgId: MMSG-26655]
searching.c(25): Resource "http://www.adactinhotelapp.com/img-horizontal-carousel/img-scroll.js" is in the cache already and will not be downloaded again  	[MsgId: MMSG-26655]
searching.c(25): Error -27721: Step download timeout (120 seconds) has expired when downloading resource "http://adactinhotelapp.com/SelectHotel.php"  	[MsgId: MERR-27721]
End auto log messages stack.	[MsgId: MMSG-10544]


Start auto log messages stack - Iteration 1.	[MsgId: MMSG-10545]
searching.c(25): Aborting pending download of URL="http://adactinhotelapp.com/SelectHotel.php" (RelFrameId=1, Internal ID=21)  	[MsgId: MMSG-27649]
searching.c(25): Error -35048: No match found for the requested parameter "continue". Check whether the tag with specific attributes exists in the response data  	[MsgId: MERR-35048]
End auto log messages stack.	[MsgId: MMSG-10544]


Start auto log messages stack - Iteration 2.	[MsgId: MMSG-10545]
login.c(41): Found resource "http://adactinhotelapp.com/img/book_hp_uft_navneesh_garg_hotelapp.png" in HTML "http://www.adactinhotelapp.com/img-horizontal-carousel/index.html"  	[MsgId: MMSG-26659]
login.c(41): Found resource "http://adactinhotelapp.com/img/TestAutomationSeleniumWebdriverCsharp.jpg" in HTML "http://www.adactinhotelapp.com/img-horizontal-carousel/index.html"  	[MsgId: MMSG-26659]
login.c(41): Found resource "https://code.jquery.com/jquery-1.12.4.min.js" in HTML "http://www.adactinhotelapp.com/img-horizontal-carousel/index.html"  	[MsgId: MMSG-26659]
login.c(41): Found resource "http://www.adactinhotelapp.com/img-horizontal-carousel/img-scroll.js" in HTML "http://www.adactinhotelapp.com/img-horizontal-carousel/index.html"  	[MsgId: MMSG-26659]
login.c(41): Error -27720: Step download timeout (120 seconds) has expired when downloading resource "http://adactinhotelapp.com/img/Adactin-Logo.jpg". Set the "Step Timeout caused by resources is a warning" Runtime Setting to Yes/No to have this message as a warning/error, respectively  	[MsgId: MERR-27720]
End auto log messages stack.	[MsgId: MMSG-10544]


Start auto log messages stack - Iteration 2.	[MsgId: MMSG-10545]
booking.c(9): Resource "http://adactinhotelapp.com/img/ios-button.png" is in the cache already and will not be downloaded again  	[MsgId: MMSG-26655]
booking.c(9): Resource "http://adactinhotelapp.com/img/google-play.png" is in the cache already and will not be downloaded again  	[MsgId: MMSG-26655]
booking.c(9): web_submit_data("BookHotel.php") was successful, 17943 body bytes, 597 header bytes, 34 chunking overhead bytes  	[MsgId: MMSG-26385]
booking.c(43): lr_think_time: 17.00 seconds.	[MsgId: MMSG-15948]
booking.c(45): web_submit_data("BookingConfirm.php") started  	[MsgId: MMSG-26355]
booking.c(45): Connection to code.jquery.com:443 closed after being inactive for 69 seconds, exceeding the "HTTP Keep-Alive timeout" Runtime Setting (60 seconds). URL="[None]"  	[MsgId: MMSG-27647]
booking.c(45): Error -27792: Failed to connect to server "adactinhotelapp.com:80": [10060] Connection timed out  	[MsgId: MERR-27792]
End auto log messages stack.	[MsgId: MMSG-10544]


Start auto log messages stack - Iteration 3.	[MsgId: MMSG-10545]
logout.c(11): web_url("Logout.php") was successful, 3627 body bytes, 306 header bytes, 12 chunking overhead bytes  	[MsgId: MMSG-26385]
logout.c(21): Notify: Transaction "logout" ended with a "Pass" status (Duration: 24.5803 Think Time: 23.0112).	[MsgId: MMSG-16872]
Ending action logout.	[MsgId: MMSG-15918]
Starting action booking.	[MsgId: MMSG-15919]
booking.c(4): Notify: Transaction "book" started.	[MsgId: MMSG-16999]
booking.c(6): web_add_auto_header("Accept-Language") started  	[MsgId: MMSG-26355]
booking.c(6): web_add_auto_header("Accept-Language") was successful  	[MsgId: MMSG-26392]
booking.c(9): web_submit_data("BookHotel.php") started  	[MsgId: MMSG-26355]
booking.c(9): Redirecting "http://adactinhotelapp.com/BookHotel.php" (redirection depth is 0)  	[MsgId: MMSG-26694]
booking.c(9): To location "http://adactinhotelapp.com/index.php"  	[MsgId: MMSG-26693]
booking.c(9): Error -27792: Failed to connect to server "adactinhotelapp.com:80": [10060] Connection timed out  	[MsgId: MERR-27792]
End auto log messages stack.	[MsgId: MMSG-10544]


Start auto log messages stack - Iteration 3.	[MsgId: MMSG-10545]
login.c(41): Found resource "http://adactinhotelapp.com/img/book_hp_uft_navneesh_garg_hotelapp.png" in HTML "http://www.adactinhotelapp.com/img-horizontal-carousel/index.html"  	[MsgId: MMSG-26659]
login.c(41): Found resource "http://adactinhotelapp.com/img/TestAutomationSeleniumWebdriverCsharp.jpg" in HTML "http://www.adactinhotelapp.com/img-horizontal-carousel/index.html"  	[MsgId: MMSG-26659]
login.c(41): Found resource "https://code.jquery.com/jquery-1.12.4.min.js" in HTML "http://www.adactinhotelapp.com/img-horizontal-carousel/index.html"  	[MsgId: MMSG-26659]
login.c(41): Found resource "http://www.adactinhotelapp.com/img-horizontal-carousel/img-scroll.js" in HTML "http://www.adactinhotelapp.com/img-horizontal-carousel/index.html"  	[MsgId: MMSG-26659]
login.c(41): Error -27720: Step download timeout (120 seconds) has expired when downloading resource "http://adactinhotelapp.com/img/book_selenium_webdriver_app.png". Set the "Step Timeout caused by resources is a warning" Runtime Setting to Yes/No to have this message as a warning/error, respectively  	[MsgId: MERR-27720]
End auto log messages stack.	[MsgId: MMSG-10544]


Start auto log messages stack - Iteration 3.	[MsgId: MMSG-10545]
logout.c(11): web_url("Logout.php") was successful, 3627 body bytes, 306 header bytes, 12 chunking overhead bytes  	[MsgId: MMSG-26385]
logout.c(21): Notify: Transaction "logout" ended with a "Pass" status (Duration: 23.6136 Think Time: 23.0060).	[MsgId: MMSG-16872]
Ending action logout.	[MsgId: MMSG-15918]
Starting action booking.	[MsgId: MMSG-15919]
booking.c(4): Notify: Transaction "book" started.	[MsgId: MMSG-16999]
booking.c(6): web_add_auto_header("Accept-Language") started  	[MsgId: MMSG-26355]
booking.c(6): web_add_auto_header("Accept-Language") was successful  	[MsgId: MMSG-26392]
booking.c(9): web_submit_data("BookHotel.php") started  	[MsgId: MMSG-26355]
booking.c(9): Redirecting "http://adactinhotelapp.com/BookHotel.php" (redirection depth is 0)  	[MsgId: MMSG-26694]
booking.c(9): To location "http://adactinhotelapp.com/index.php"  	[MsgId: MMSG-26693]
booking.c(9): Error -27792: Failed to connect to server "adactinhotelapp.com:80": [10060] Connection timed out  	[MsgId: MERR-27792]
End auto log messages stack.	[MsgId: MMSG-10544]


