Start auto log messages stack - Iteration 1.	[MsgId: MMSG-10545]
booking.c(9): Resource "http://adactinhotelapp.com/img/ios-button.png" is in the cache already and will not be downloaded again  	[MsgId: MMSG-26655]
booking.c(9): Resource "http://adactinhotelapp.com/img/google-play.png" is in the cache already and will not be downloaded again  	[MsgId: MMSG-26655]
booking.c(9): web_submit_data("BookHotel.php") was successful, 17943 body bytes, 597 header bytes, 34 chunking overhead bytes  	[MsgId: MMSG-26385]
booking.c(43): lr_think_time: 17.00 seconds.	[MsgId: MMSG-15948]
booking.c(45): web_submit_data("BookingConfirm.php") started  	[MsgId: MMSG-26355]
booking.c(45): Connection to code.jquery.com:443 closed after being inactive for 83 seconds, exceeding the "HTTP Keep-Alive timeout" Runtime Setting (60 seconds). URL="[None]"  	[MsgId: MMSG-27647]
booking.c(45): Error -27792: Failed to connect to server "adactinhotelapp.com:80": [10060] Connection timed out  	[MsgId: MERR-27792]
End auto log messages stack.	[MsgId: MMSG-10544]

Start auto log messages stack - Iteration 3.	[MsgId: MMSG-10545]
logout.c(11): web_url("Logout.php") was successful, 3627 body bytes, 306 header bytes, 12 chunking overhead bytes  	[MsgId: MMSG-26385]
logout.c(21): Notify: Transaction "logout" ended with a "Pass" status (Duration: 23.6136 Think Time: 23.0060).	[MsgId: MMSG-16872]
Ending action logout.	[MsgId: MMSG-15918]
Starting action booking.	[MsgId: MMSG-15919]
booking.c(4): Notify: Transaction "book" started.	[MsgId: MMSG-16999]
booking.c(6): web_add_auto_header("Accept-Language") started  	[MsgId: MMSG-26355]
booking.c(6): web_add_auto_header("Accept-Language") was successful  	[MsgId: MMSG-26392]
booking.c(9): web_submit_data("BookHotel.php") started  	[MsgId: MMSG-26355]
booking.c(9): Redirecting "http://adactinhotelapp.com/BookHotel.php" (redirection depth is 0)  	[MsgId: MMSG-26694]
booking.c(9): To location "http://adactinhotelapp.com/index.php"  	[MsgId: MMSG-26693]
booking.c(9): Error -27792: Failed to connect to server "adactinhotelapp.com:80": [10060] Connection timed out  	[MsgId: MERR-27792]
End auto log messages stack.	[MsgId: MMSG-10544]

