Start auto log messages stack - Iteration 1.	[MsgId: MMSG-10545]
searching.c(46): Notify: Transaction "search" ended with a "Pass" status (Duration: 43.6585 Think Time: 22.0143 Wasted Time: 0.0008).	[MsgId: MMSG-16870]
Ending action searching.	[MsgId: MMSG-15918]
Starting action logout.	[MsgId: MMSG-15919]
logout.c(4): Notify: Transaction "logout" started.	[MsgId: MMSG-16999]
logout.c(6): web_add_header("Accept-Language") started  	[MsgId: MMSG-26355]
logout.c(6): web_add_header("Accept-Language") was successful  	[MsgId: MMSG-26392]
logout.c(9): lr_think_time: 23.00 seconds.	[MsgId: MMSG-15948]
logout.c(11): web_url("Logout.php") started  	[MsgId: MMSG-26355]
logout.c(11): Connection to code.jquery.com:443 closed after being inactive for 72 seconds, exceeding the "HTTP Keep-Alive timeout" Runtime Setting (60 seconds). URL="[None]"  	[MsgId: MMSG-27647]
logout.c(11): Error -27792: Failed to connect to server "adactinhotelapp.com:80": [10060] Connection timed out  	[MsgId: MERR-27792]
End auto log messages stack.	[MsgId: MMSG-10544]

Start auto log messages stack - Iteration 2.	[MsgId: MMSG-10545]
booking.c(9): Resource "http://adactinhotelapp.com/img/ios-button.png" is in the cache already and will not be downloaded again  	[MsgId: MMSG-26655]
booking.c(9): Resource "http://adactinhotelapp.com/img/google-play.png" is in the cache already and will not be downloaded again  	[MsgId: MMSG-26655]
booking.c(9): web_submit_data("BookHotel.php") was successful, 17943 body bytes, 597 header bytes, 34 chunking overhead bytes  	[MsgId: MMSG-26385]
booking.c(43): lr_think_time: 17.00 seconds.	[MsgId: MMSG-15948]
booking.c(45): web_submit_data("BookingConfirm.php") started  	[MsgId: MMSG-26355]
booking.c(45): Connection to code.jquery.com:443 closed after being inactive for 69 seconds, exceeding the "HTTP Keep-Alive timeout" Runtime Setting (60 seconds). URL="[None]"  	[MsgId: MMSG-27647]
booking.c(45): Error -27792: Failed to connect to server "adactinhotelapp.com:80": [10060] Connection timed out  	[MsgId: MERR-27792]
End auto log messages stack.	[MsgId: MMSG-10544]

