Start auto log messages stack - Iteration 1.	[MsgId: MMSG-10545]
login.c(9): web_url("index.php") was successful, 235721 body bytes, 2490 header bytes, 13 chunking overhead bytes  	[MsgId: MMSG-26385]
login.c(19): Notify: Transaction "log" started.	[MsgId: MMSG-16999]
login.c(22): web_reg_save_param_regexp started  	[MsgId: MMSG-26355]
login.c(22): Registering web_reg_save_param_regexp was successful  	[MsgId: MMSG-26390]
login.c(32): web_reg_save_param_regexp started  	[MsgId: MMSG-26355]
login.c(32): Registering web_reg_save_param_regexp was successful  	[MsgId: MMSG-26390]
login.c(41): web_submit_data("index.php_2") started  	[MsgId: MMSG-26355]
login.c(41): Warning: Closing connection [0] after waiting 2s for body for 302 response for URL "http://adactinhotelapp.com/index.php"  	[MsgId: MMSG-26000]
login.c(41): Error -35049: No match found for the requested parameter "location". Check whether the requested regular expression exists in the response data  	[MsgId: MERR-35049]
login.c(41): Error -35049: No match found for the requested parameter "room_type". Check whether the requested regular expression exists in the response data  	[MsgId: MERR-35049]
End auto log messages stack.	[MsgId: MMSG-10544]

Start auto log messages stack - Iteration 2.	[MsgId: MMSG-10545]
booking.c(9): web_submit_data("BookHotel.php") was successful, 17943 body bytes, 597 header bytes, 34 chunking overhead bytes  	[MsgId: MMSG-26385]
booking.c(43): lr_think_time: 17.00 seconds.	[MsgId: MMSG-15948]
booking.c(45): web_submit_data("BookingConfirm.php") started  	[MsgId: MMSG-26355]
booking.c(45): Connection to code.jquery.com:443 closed after being inactive for 73 seconds, exceeding the "HTTP Keep-Alive timeout" Runtime Setting (60 seconds). URL="[None]"  	[MsgId: MMSG-27647]
booking.c(45): Redirecting "http://adactinhotelapp.com/BookingConfirm.php" (redirection depth is 0)  	[MsgId: MMSG-26694]
booking.c(45): To location "http://adactinhotelapp.com/index.php"  	[MsgId: MMSG-26693]
booking.c(45): Error -27792: Failed to connect to server "adactinhotelapp.com:80": [10060] Connection timed out  	[MsgId: MERR-27792]
End auto log messages stack.	[MsgId: MMSG-10544]

